<?xml version="1.0" encoding="UTF-8"?>
<testsuite name="ContactTest" tests="6" skipped="0" failures="0" errors="0" timestamp="2018-10-01T10:15:20" hostname="UriasOroz-HP" time="2.437">
  <properties/>
  <testcase name="test1_save" classname="ContactTest" time="1.785"/>
  <testcase name="test2_saveComplete" classname="ContactTest" time="0.446"/>
  <testcase name="test3_saveInvalid" classname="ContactTest" time="0.011"/>
  <testcase name="test4_saveEmptyName" classname="ContactTest" time="0.005"/>
  <testcase name="test5_getAll" classname="ContactTest" time="0.132"/>
  <testcase name="test6_delete" classname="ContactTest" time="0.052"/>
  <system-out><![CDATA[03:14:52.063 [Test worker] DEBUG org.springframework.test.context.junit4.SpringJUnit4ClassRunner - SpringJUnit4ClassRunner constructor called with [class ContactTest]
03:14:52.122 [Test worker] DEBUG org.springframework.test.context.BootstrapUtils - Instantiating CacheAwareContextLoaderDelegate from class [org.springframework.test.context.cache.DefaultCacheAwareContextLoaderDelegate]
03:14:52.142 [Test worker] DEBUG org.springframework.test.context.BootstrapUtils - Instantiating BootstrapContext using constructor [public org.springframework.test.context.support.DefaultBootstrapContext(java.lang.Class,org.springframework.test.context.CacheAwareContextLoaderDelegate)]
03:14:52.207 [Test worker] DEBUG org.springframework.test.context.BootstrapUtils - Instantiating TestContextBootstrapper for test class [ContactTest] from class [org.springframework.boot.test.context.SpringBootTestContextBootstrapper]
03:14:52.283 [Test worker] INFO org.springframework.boot.test.context.SpringBootTestContextBootstrapper - Neither @ContextConfiguration nor @ContextHierarchy found for test class [ContactTest], using SpringBootContextLoader
03:14:52.292 [Test worker] DEBUG org.springframework.test.context.support.AbstractContextLoader - Did not detect default resource location for test class [ContactTest]: class path resource [ContactTest-context.xml] does not exist
03:14:52.293 [Test worker] DEBUG org.springframework.test.context.support.AbstractContextLoader - Did not detect default resource location for test class [ContactTest]: class path resource [ContactTestContext.groovy] does not exist
03:14:52.294 [Test worker] INFO org.springframework.test.context.support.AbstractContextLoader - Could not detect default resource locations for test class [ContactTest]: no resource found for suffixes {-context.xml, Context.groovy}.
03:14:52.455 [Test worker] DEBUG org.springframework.test.context.support.ActiveProfilesUtils - Could not find an 'annotation declaring class' for annotation type [org.springframework.test.context.ActiveProfiles] and class [ContactTest]
03:14:53.110 [Test worker] DEBUG org.springframework.boot.test.context.SpringBootTestContextBootstrapper - @TestExecutionListeners is not present for class [ContactTest]: using defaults.
03:14:53.129 [Test worker] INFO org.springframework.boot.test.context.SpringBootTestContextBootstrapper - Loaded default TestExecutionListener class names from location [META-INF/spring.factories]: [org.springframework.boot.test.autoconfigure.restdocs.RestDocsTestExecutionListener, org.springframework.boot.test.autoconfigure.web.client.MockRestServiceServerResetTestExecutionListener, org.springframework.boot.test.autoconfigure.web.servlet.MockMvcPrintOnlyOnFailureTestExecutionListener, org.springframework.boot.test.autoconfigure.web.servlet.WebDriverTestExecutionListener, org.springframework.boot.test.mock.mockito.MockitoTestExecutionListener, org.springframework.boot.test.mock.mockito.ResetMocksTestExecutionListener, org.springframework.test.context.web.ServletTestExecutionListener, org.springframework.test.context.support.DirtiesContextBeforeModesTestExecutionListener, org.springframework.test.context.support.DependencyInjectionTestExecutionListener, org.springframework.test.context.support.DirtiesContextTestExecutionListener, org.springframework.test.context.transaction.TransactionalTestExecutionListener, org.springframework.test.context.jdbc.SqlScriptsTestExecutionListener]
03:14:53.261 [Test worker] INFO org.springframework.boot.test.context.SpringBootTestContextBootstrapper - Using TestExecutionListeners: [org.springframework.test.context.web.ServletTestExecutionListener@13e21d9c, org.springframework.test.context.support.DirtiesContextBeforeModesTestExecutionListener@518fc44f, org.springframework.boot.test.mock.mockito.MockitoTestExecutionListener@1ca0002c, org.springframework.boot.test.autoconfigure.SpringBootDependencyInjectionTestExecutionListener@3c042eb5, org.springframework.test.context.support.DirtiesContextTestExecutionListener@3f09ca54, org.springframework.test.context.transaction.TransactionalTestExecutionListener@100bcc46, org.springframework.test.context.jdbc.SqlScriptsTestExecutionListener@c360f0b, org.springframework.boot.test.autoconfigure.restdocs.RestDocsTestExecutionListener@11dae9be, org.springframework.boot.test.autoconfigure.web.client.MockRestServiceServerResetTestExecutionListener@6070dabb, org.springframework.boot.test.autoconfigure.web.servlet.MockMvcPrintOnlyOnFailureTestExecutionListener@2e57530f, org.springframework.boot.test.autoconfigure.web.servlet.WebDriverTestExecutionListener@12255f99, org.springframework.boot.test.mock.mockito.ResetMocksTestExecutionListener@5474c37a]
03:14:53.268 [Test worker] DEBUG org.springframework.test.annotation.ProfileValueUtils - Retrieved @ProfileValueSourceConfiguration [null] for test class [ContactTest]
03:14:53.269 [Test worker] DEBUG org.springframework.test.annotation.ProfileValueUtils - Retrieved ProfileValueSource type [class org.springframework.test.annotation.SystemProfileValueSource] for class [ContactTest]
03:14:53.280 [Test worker] DEBUG org.springframework.test.annotation.ProfileValueUtils - Retrieved @ProfileValueSourceConfiguration [null] for test class [ContactTest]
03:14:53.280 [Test worker] DEBUG org.springframework.test.annotation.ProfileValueUtils - Retrieved ProfileValueSource type [class org.springframework.test.annotation.SystemProfileValueSource] for class [ContactTest]
03:14:53.293 [Test worker] DEBUG org.springframework.test.context.support.AbstractDirtiesContextTestExecutionListener - Before test class: context [DefaultTestContext@18e5becd testClass = ContactTest, testInstance = [null], testMethod = [null], testException = [null], mergedContextConfiguration = [WebMergedContextConfiguration@2e30b178 testClass = ContactTest, locations = '{}', classes = '{class org.contact.list.Application, class org.contact.list.Application}', contextInitializerClasses = '[]', activeProfiles = '{}', propertySourceLocations = '{}', propertySourceProperties = '{org.springframework.boot.test.context.SpringBootTestContextBootstrapper=true}', contextCustomizers = set[org.springframework.boot.test.autoconfigure.properties.PropertyMappingContextCustomizer@0, org.springframework.boot.test.autoconfigure.web.servlet.WebDriverContextCustomizerFactory$Customizer@5bb79d37, org.springframework.boot.test.context.filter.ExcludeFilterContextCustomizer@5616e53, org.springframework.boot.test.json.DuplicateJsonObjectContextCustomizerFactory$DuplicateJsonObjectContextCustomizer@502ec3bb, org.springframework.boot.test.mock.mockito.MockitoContextCustomizer@0, org.springframework.boot.test.web.client.TestRestTemplateContextCustomizer@6d0de73b], resourceBasePath = 'src/main/webapp', contextLoader = 'org.springframework.boot.test.context.SpringBootContextLoader', parent = [null]], attributes = map['org.springframework.test.context.web.ServletTestExecutionListener.activateListener' -> true]], class annotated with @DirtiesContext [false] with mode [null].
03:14:53.294 [Test worker] DEBUG org.springframework.test.annotation.ProfileValueUtils - Retrieved @ProfileValueSourceConfiguration [null] for test class [ContactTest]
03:14:53.295 [Test worker] DEBUG org.springframework.test.annotation.ProfileValueUtils - Retrieved ProfileValueSource type [class org.springframework.test.annotation.SystemProfileValueSource] for class [ContactTest]
03:14:53.365 [Test worker] DEBUG org.springframework.core.env.StandardEnvironment - Adding PropertySource 'systemProperties' with lowest search precedence
03:14:53.366 [Test worker] DEBUG org.springframework.core.env.StandardEnvironment - Adding PropertySource 'systemEnvironment' with lowest search precedence
03:14:53.366 [Test worker] DEBUG org.springframework.core.env.StandardEnvironment - Initialized StandardEnvironment with PropertySources [MapPropertySource@137853881 {name='systemProperties', properties={java.runtime.name=Java(TM) SE Runtime Environment, sun.boot.library.path=C:\Program Files\Java\jdk1.8.0_181\jre\bin, java.vm.version=25.181-b13, java.vm.vendor=Oracle Corporation, java.vendor.url=http://java.oracle.com/, path.separator=;, java.vm.name=Java HotSpot(TM) 64-Bit Server VM, file.encoding.pkg=sun.io, user.script=, sun.java.launcher=SUN_STANDARD, user.country=MX, sun.os.patch.level=Service Pack 1, java.vm.specification.name=Java Virtual Machine Specification, user.dir=C:\Users\UriasOroz\Documents\Pinnacle\WorkSpace\ContactList\contact-list-api, java.runtime.version=1.8.0_181-b13, java.awt.graphicsenv=sun.awt.Win32GraphicsEnvironment, java.endorsed.dirs=C:\Program Files\Java\jdk1.8.0_181\jre\lib\endorsed, os.arch=amd64, java.io.tmpdir=C:\Users\URIASO~1\AppData\Local\Temp\, line.separator=
, java.vm.specification.vendor=Oracle Corporation, user.variant=, os.name=Windows 7, sun.jnu.encoding=Cp1252, java.library.path=C:\Program Files\Java\jdk1.8.0_181\bin;C:\Windows\Sun\Java\bin;C:\Windows\system32;C:\Windows;C:\Program Files (x86)\Common Files\Oracle\Java\javapath;C:\Program Files\Common Files\Microsoft Shared\Windows Live;C:\Windows\system32;C:\Windows;C:\Windows\System32\Wbem;C:\Windows\System32\WindowsPowerShell\v1.0\;C:\Program Files\Broadcom\Broadcom 802.11\Driver;C:\Program Files\WIDCOMM\Bluetooth Software\;C:\Program Files\WIDCOMM\Bluetooth Software\syswow64;C:\Program Files\dotnet\;C:\Program Files\Microsoft SQL Server\130\Tools\Binn\;c:\Program Files (x86)\Microsoft SQL Server\100\Tools\Binn\VSShell\Common7\IDE\;c:\Program Files (x86)\Microsoft SQL Server\100\Tools\Binn\;c:\Program Files\Microsoft SQL Server\100\Tools\Binn\;c:\Program Files (x86)\Microsoft SQL Server\100\DTS\Binn\;c:\Program Files\Microsoft SQL Server\100\DTS\Binn\;C:\Program Files\nodejs\;C:\Program Files\Git\cmd;C:\Users\UriasOroz\AppData\Roaming\npm;C:\Program Files\heroku\bin;., java.specification.name=Java Platform API Specification, java.class.version=52.0, org.gradle.native=false, sun.management.compiler=HotSpot 64-Bit Tiered Compilers, os.version=6.1, user.home=C:\Users\UriasOroz, user.timezone=America/Phoenix, java.awt.printerjob=sun.awt.windows.WPrinterJob, file.encoding=windows-1252, java.specification.version=1.8, java.class.path=C:\Users\UriasOroz\Documents\Pinnacle\WorkSpace\ContactList\contact-list-api\build\classes\java\test;C:\Users\UriasOroz\Documents\Pinnacle\WorkSpace\ContactList\contact-list-api\build\resources\test;C:\Users\UriasOroz\Documents\Pinnacle\WorkSpace\ContactList\contact-list-api\build\classes\java\main;C:\Users\UriasOroz\Documents\Pinnacle\WorkSpace\ContactList\contact-list-api\build\resources\main;C:\Users\UriasOroz\.gradle\caches\modules-2\files-2.1\org.springframework.boot\spring-boot-starter-web\2.0.5.RELEASE\52daa1f1509bd637a737206e54c06a17aabb9504\spring-boot-starter-web-2.0.5.RELEASE.jar;C:\Users\UriasOroz\.gradle\caches\modules-2\files-2.1\org.springframework.boot\spring-boot-starter-security\2.0.5.RELEASE\5a53ddfd9ebd108f914f390981d992bacabf29d3\spring-boot-starter-security-2.0.5.RELEASE.jar;C:\Users\UriasOroz\Documents\Pinnacle\WorkSpace\ContactList\contact-list-core\build\libs\contact-list-core-1.0-SNAPSHOT.jar;C:\Users\UriasOroz\.gradle\caches\modules-2\files-2.1\org.springframework.boot\spring-boot-starter-test\2.0.5.RELEASE\ab04ca2e76f6a8e786001352a81a10e4b0e7fbc8\spring-boot-starter-test-2.0.5.RELEASE.jar;C:\Users\UriasOroz\.gradle\caches\modules-2\files-2.1\junit\junit\4.12\2973d150c0dc1fefe998f834810d68f278ea58ec\junit-4.12.jar;C:\Users\UriasOroz\.gradle\caches\modules-2\files-2.1\org.springframework.boot\spring-boot-starter-json\2.0.5.RELEASE\d0052ded4733ceb1fb7d927238f22f9a92099227\spring-boot-starter-json-2.0.5.RELEASE.jar;C:\Users\UriasOroz\.gradle\caches\modules-2\files-2.1\org.springframework.boot\spring-boot-starter-data-jpa\2.0.5.RELEASE\c99b58e8ada11478aa5d0c3065745b7e887f094e\spring-boot-starter-data-jpa-2.0.5.RELEASE.jar;C:\Users\UriasOroz\.gradle\caches\modules-2\files-2.1\org.springframework.boot\spring-boot-starter-aop\2.0.5.RELEASE\6bc1e8bcc849772d48cae1e8278cd2b471361698\spring-boot-starter-aop-2.0.5.RELEASE.jar;C:\Users\UriasOroz\.gradle\caches\modules-2\files-2.1\org.springframework.boot\spring-boot-starter-jdbc\2.0.5.RELEASE\9a5370acc7c5e17f4a00578211fbbd212b9a8329\spring-boot-starter-jdbc-2.0.5.RELEASE.jar;C:\Users\UriasOroz\.gradle\caches\modules-2\files-2.1\org.springframework.boot\spring-boot-starter\2.0.5.RELEASE\1f53487a373be18d064a5815e9bac9882ef15cdc\spring-boot-starter-2.0.5.RELEASE.jar;C:\Users\UriasOroz\.gradle\caches\modules-2\files-2.1\org.springframework.boot\spring-boot-starter-tomcat\2.0.5.RELEASE\eaac8a5d73b45400bc88cd7f6b5c99b5f0d5e9b7\spring-boot-starter-tomcat-2.0.5.RELEASE.jar;C:\Users\UriasOroz\.gradle\caches\modules-2\files-2.1\org.hibernate.validator\hibernate-validator\6.0.12.Final\478003e61b056c1f97840ba3e62ff31cdc89597\hibernate-validator-6.0.12.Final.jar;C:\Users\UriasOroz\.gradle\caches\modules-2\files-2.1\org.springframework\spring-webmvc\5.0.9.RELEASE\c18346caaeb8dc648c4cc01874996fd9fef76664\spring-webmvc-5.0.9.RELEASE.jar;C:\Users\UriasOroz\.gradle\caches\modules-2\files-2.1\org.springframework.security\spring-security-web\5.0.8.RELEASE\87b45329699c294ccd6df2507a1f703eca89e381\spring-security-web-5.0.8.RELEASE.jar;C:\Users\UriasOroz\.gradle\caches\modules-2\files-2.1\org.springframework\spring-web\5.0.9.RELEASE\1ea3aab93340849313fa74ec626ddaf1fff9ed8e\spring-web-5.0.9.RELEASE.jar;C:\Users\UriasOroz\.gradle\caches\modules-2\files-2.1\org.springframework.security\spring-security-config\5.0.8.RELEASE\83a070861ad63c0dd5660d4529b9c37a3c9e3c50\spring-security-config-5.0.8.RELEASE.jar;C:\Users\UriasOroz\.gradle\caches\modules-2\files-2.1\org.springframework.boot\spring-boot-test-autoconfigure\2.0.5.RELEASE\54d5e8f9e88c6236fe164474f0aed5a8a1052c43\spring-boot-test-autoconfigure-2.0.5.RELEASE.jar;C:\Users\UriasOroz\.gradle\caches\modules-2\files-2.1\org.springframework.boot\spring-boot-test\2.0.5.RELEASE\ce6353f33217982357a6bdba6576015ea333304c\spring-boot-test-2.0.5.RELEASE.jar;C:\Users\UriasOroz\.gradle\caches\modules-2\files-2.1\org.springframework.boot\spring-boot-autoconfigure\2.0.5.RELEASE\e5588642799e0c0c04638e255c3d3f31ba400ff4\spring-boot-autoconfigure-2.0.5.RELEASE.jar;C:\Users\UriasOroz\.gradle\caches\modules-2\files-2.1\org.springframework.boot\spring-boot\2.0.5.RELEASE\19a4624cbd89a318d10c79f289c6c816043850fb\spring-boot-2.0.5.RELEASE.jar;C:\Users\UriasOroz\.gradle\caches\modules-2\files-2.1\org.springframework.security\spring-security-core\5.0.8.RELEASE\32a39026edcb6b7cd4567df2c75bd561d876f515\spring-security-core-5.0.8.RELEASE.jar;C:\Users\UriasOroz\.gradle\caches\modules-2\files-2.1\org.springframework.data\spring-data-jpa\2.0.10.RELEASE\a6e644c363d050c6c90f078f4f0ac66892f60d54\spring-data-jpa-2.0.10.RELEASE.jar;C:\Users\UriasOroz\.gradle\caches\modules-2\files-2.1\org.springframework\spring-context\5.0.9.RELEASE\2501e55acb6c2e84667cda3f845d1d00a0dc4e05\spring-context-5.0.9.RELEASE.jar;C:\Users\UriasOroz\.gradle\caches\modules-2\files-2.1\org.springframework\spring-aop\5.0.9.RELEASE\98003b099697fe46b6bdf18c7e3f66d7a1381060\spring-aop-5.0.9.RELEASE.jar;C:\Users\UriasOroz\.gradle\caches\modules-2\files-2.1\com.h2database\h2\1.4.197\bb391050048ca8ae3e32451b5a3714ecd3596a46\h2-1.4.197.jar;C:\Users\UriasOroz\.gradle\caches\modules-2\files-2.1\org.hamcrest\hamcrest-library\1.3\4785a3c21320980282f9f33d0d1264a69040538f\hamcrest-library-1.3.jar;C:\Users\UriasOroz\.gradle\caches\modules-2\files-2.1\org.hamcrest\hamcrest-core\1.3\42a25dc3219429f0e5d060061f71acb49bf010a0\hamcrest-core-1.3.jar;C:\Users\UriasOroz\.gradle\caches\modules-2\files-2.1\com.jayway.jsonpath\json-path\2.4.0\765a4401ceb2dc8d40553c2075eb80a8fa35c2ae\json-path-2.4.0.jar;C:\Users\UriasOroz\.gradle\caches\modules-2\files-2.1\org.assertj\assertj-core\3.9.1\c5ce126b15f28d56cd8f960c1a6a058b9c9aea87\assertj-core-3.9.1.jar;C:\Users\UriasOroz\.gradle\caches\modules-2\files-2.1\org.mockito\mockito-core\2.15.0\b84bfbbc29cd22c9529409627af6ea2897f4fa85\mockito-core-2.15.0.jar;C:\Users\UriasOroz\.gradle\caches\modules-2\files-2.1\org.skyscreamer\jsonassert\1.5.0\6c9d5fe2f59da598d9aefc1cfc6528ff3cf32df3\jsonassert-1.5.0.jar;C:\Users\UriasOroz\.gradle\caches\modules-2\files-2.1\org.springframework\spring-test\5.0.9.RELEASE\218c8648f898453be92d550252e0ce2a84b54375\spring-test-5.0.9.RELEASE.jar;C:\Users\UriasOroz\.gradle\caches\modules-2\files-2.1\org.springframework\spring-expression\5.0.9.RELEASE\1f9db5ff3a758102c0434cc3457aa47c50c39a4a\spring-expression-5.0.9.RELEASE.jar;C:\Users\UriasOroz\.gradle\caches\modules-2\files-2.1\org.springframework\spring-orm\5.0.9.RELEASE\bb9265effd7c903f4cc1c98d16b4188b7827a1cc\spring-orm-5.0.9.RELEASE.jar;C:\Users\UriasOroz\.gradle\caches\modules-2\files-2.1\org.springframework\spring-jdbc\5.0.9.RELEASE\2f38726ef2f5ecb72af7e915dac43177b01a8f53\spring-jdbc-5.0.9.RELEASE.jar;C:\Users\UriasOroz\.gradle\caches\modules-2\files-2.1\org.springframework.data\spring-data-commons\2.0.10.RELEASE\64d4e58a2b16b9446d51a2650058d821a5bce98d\spring-data-commons-2.0.10.RELEASE.jar;C:\Users\UriasOroz\.gradle\caches\modules-2\files-2.1\org.springframework\spring-tx\5.0.9.RELEASE\d3a13fc3c56bdddd8144a686ed64f0cdb3ad7305\spring-tx-5.0.9.RELEASE.jar;C:\Users\UriasOroz\.gradle\caches\modules-2\files-2.1\org.springframework\spring-beans\5.0.9.RELEASE\65f56fdab1bb90ad059e314d2f2f4cf76f9bdbde\spring-beans-5.0.9.RELEASE.jar;C:\Users\UriasOroz\.gradle\caches\modules-2\files-2.1\org.springframework\spring-core\5.0.9.RELEASE\9f9a828936d81afd49a603bda9cc1aed863a0d85\spring-core-5.0.9.RELEASE.jar;C:\Users\UriasOroz\.gradle\caches\modules-2\files-2.1\org.xmlunit\xmlunit-core\2.5.1\4ffdb346572a7356f7521cd3119ce5287d2e339d\xmlunit-core-2.5.1.jar;C:\Users\UriasOroz\.gradle\caches\modules-2\files-2.1\org.springframework.boot\spring-boot-starter-logging\2.0.5.RELEASE\c353e0b9591d0765c687ff0a678478cbebfd5c23\spring-boot-starter-logging-2.0.5.RELEASE.jar;C:\Users\UriasOroz\.gradle\caches\modules-2\files-2.1\javax.annotation\javax.annotation-api\1.3.2\934c04d3cfef185a8008e7bf34331b79730a9d43\javax.annotation-api-1.3.2.jar;C:\Users\UriasOroz\.gradle\caches\modules-2\files-2.1\org.yaml\snakeyaml\1.19\2d998d3d674b172a588e54ab619854d073f555b5\snakeyaml-1.19.jar;C:\Users\UriasOroz\.gradle\caches\modules-2\files-2.1\com.fasterxml.jackson.datatype\jackson-datatype-jdk8\2.9.6\456895fc91bf7180b216fead220373e6278230c9\jackson-datatype-jdk8-2.9.6.jar;C:\Users\UriasOroz\.gradle\caches\modules-2\files-2.1\com.fasterxml.jackson.datatype\jackson-datatype-jsr310\2.9.6\ea54f6193d224e5e5732bbd4262327eb465397c2\jackson-datatype-jsr310-2.9.6.jar;C:\Users\UriasOroz\.gradle\caches\modules-2\files-2.1\com.fasterxml.jackson.module\jackson-module-parameter-names\2.9.6\129acd77a4b6ee30d62d3a0899b1344c8ec2bff8\jackson-module-parameter-names-2.9.6.jar;C:\Users\UriasOroz\.gradle\caches\modules-2\files-2.1\com.fasterxml.jackson.core\jackson-databind\2.9.6\cfa4f316351a91bfd95cb0644c6a2c95f52db1fc\jackson-databind-2.9.6.jar;C:\Users\UriasOroz\.gradle\caches\modules-2\files-2.1\org.apache.tomcat.embed\tomcat-embed-websocket\8.5.34\5f86906367c2540b21e6aeecc277d2ce9ec939b0\tomcat-embed-websocket-8.5.34.jar;C:\Users\UriasOroz\.gradle\caches\modules-2\files-2.1\org.apache.tomcat.embed\tomcat-embed-core\8.5.34\a038040d68a90397f95dd1e11b979fe364a5000f\tomcat-embed-core-8.5.34.jar;C:\Users\UriasOroz\.gradle\caches\modules-2\files-2.1\org.apache.tomcat.embed\tomcat-embed-el\8.5.34\be71a9a5bdd001db7cf97c47429eec0bdd3b7b88\tomcat-embed-el-8.5.34.jar;C:\Users\UriasOroz\.gradle\caches\modules-2\files-2.1\javax.validation\validation-api\2.0.1.Final\cb855558e6271b1b32e716d24cb85c7f583ce09e\validation-api-2.0.1.Final.jar;C:\Users\UriasOroz\.gradle\caches\modules-2\files-2.1\org.hibernate\hibernate-core\5.2.17.Final\f2dc36470e7a2ffcf6106bb1625ecf5b54bb5f65\hibernate-core-5.2.17.Final.jar;C:\Users\UriasOroz\.gradle\caches\modules-2\files-2.1\org.hibernate.common\hibernate-commons-annotations\5.0.1.Final\71e1cff3fcb20d3b3af4f3363c3ddb24d33c6879\hibernate-commons-annotations-5.0.1.Final.jar;C:\Users\UriasOroz\.gradle\caches\modules-2\files-2.1\org.jboss.logging\jboss-logging\3.3.2.Final\3789d00e859632e6c6206adc0c71625559e6e3b0\jboss-logging-3.3.2.Final.jar;C:\Users\UriasOroz\.gradle\caches\modules-2\files-2.1\com.fasterxml\classmate\1.3.4\3d5f48f10bbe4eb7bd862f10c0583be2e0053c6\classmate-1.3.4.jar;C:\Users\UriasOroz\.gradle\caches\modules-2\files-2.1\javax.transaction\javax.transaction-api\1.2\d81aff979d603edd90dcd8db2abc1f4ce6479e3e\javax.transaction-api-1.2.jar;C:\Users\UriasOroz\.gradle\caches\modules-2\files-2.1\org.springframework\spring-aspects\5.0.9.RELEASE\dfb2da4c573391d8e8a482f08bdf4d38398e2bb0\spring-aspects-5.0.9.RELEASE.jar;C:\Users\UriasOroz\.gradle\caches\modules-2\files-2.1\net.minidev\json-smart\2.3\7396407491352ce4fa30de92efb158adb76b5b\json-smart-2.3.jar;C:\Users\UriasOroz\.gradle\caches\modules-2\files-2.1\ch.qos.logback\logback-classic\1.2.3\7c4f3c474fb2c041d8028740440937705ebb473a\logback-classic-1.2.3.jar;C:\Users\UriasOroz\.gradle\caches\modules-2\files-2.1\org.apache.logging.log4j\log4j-to-slf4j\2.10.0\f7e631ccf49cfc0aefa4a2a728da7d374c05bd3c\log4j-to-slf4j-2.10.0.jar;C:\Users\UriasOroz\.gradle\caches\modules-2\files-2.1\org.slf4j\jul-to-slf4j\1.7.25\af5364cd6679bfffb114f0dec8a157aaa283b76\jul-to-slf4j-1.7.25.jar;C:\Users\UriasOroz\.gradle\caches\modules-2\files-2.1\com.zaxxer\HikariCP\2.7.9\a83113d2c091d0d0f853dad3217bd7df3beb6ae3\HikariCP-2.7.9.jar;C:\Users\UriasOroz\.gradle\caches\modules-2\files-2.1\org.slf4j\slf4j-api\1.7.25\da76ca59f6a57ee3102f8f9bd9cee742973efa8a\slf4j-api-1.7.25.jar;C:\Users\UriasOroz\.gradle\caches\modules-2\files-2.1\net.bytebuddy\byte-buddy\1.7.11\f02857a4e2c66ccbe7aaad6100a0a6c461bce9b3\byte-buddy-1.7.11.jar;C:\Users\UriasOroz\.gradle\caches\modules-2\files-2.1\net.bytebuddy\byte-buddy-agent\1.7.11\b425a8933ca07edd03c6dbc8bc3b595fba9780de\byte-buddy-agent-1.7.11.jar;C:\Users\UriasOroz\.gradle\caches\modules-2\files-2.1\org.objenesis\objenesis\2.6\639033469776fd37c08358c6b92a4761feb2af4b\objenesis-2.6.jar;C:\Users\UriasOroz\.gradle\caches\modules-2\files-2.1\com.vaadin.external.google\android-json\0.0.20131108.vaadin1\fa26d351fe62a6a17f5cda1287c1c6110dec413f\android-json-0.0.20131108.vaadin1.jar;C:\Users\UriasOroz\.gradle\caches\modules-2\files-2.1\org.springframework\spring-jcl\5.0.9.RELEASE\bc3b5aaae53f0bc03647e53ecbd98a05b47a4e90\spring-jcl-5.0.9.RELEASE.jar;C:\Users\UriasOroz\.gradle\caches\modules-2\files-2.1\com.fasterxml.jackson.core\jackson-annotations\2.9.0\7c10d545325e3a6e72e06381afe469fd40eb701\jackson-annotations-2.9.0.jar;C:\Users\UriasOroz\.gradle\caches\modules-2\files-2.1\com.fasterxml.jackson.core\jackson-core\2.9.6\4e393793c37c77e042ccc7be5a914ae39251b365\jackson-core-2.9.6.jar;C:\Users\UriasOroz\.gradle\caches\modules-2\files-2.1\org.aspectj\aspectjweaver\1.8.13\ad94df2a28d658a40dc27bbaff6a1ce5fbf04e9b\aspectjweaver-1.8.13.jar;C:\Users\UriasOroz\.gradle\caches\modules-2\files-2.1\org.hibernate.javax.persistence\hibernate-jpa-2.1-api\1.0.2.Final\52afb5762c704a6b586e27742470c08f91877fc1\hibernate-jpa-2.1-api-1.0.2.Final.jar;C:\Users\UriasOroz\.gradle\caches\modules-2\files-2.1\org.javassist\javassist\3.22.0-GA\3e83394258ae2089be7219b971ec21a8288528ad\javassist-3.22.0-GA.jar;C:\Users\UriasOroz\.gradle\caches\modules-2\files-2.1\antlr\antlr\2.7.7\83cd2cd674a217ade95a4bb83a8a14f351f48bd0\antlr-2.7.7.jar;C:\Users\UriasOroz\.gradle\caches\modules-2\files-2.1\org.jboss\jandex\2.0.3.Final\bfc4d6257dbff7a33a357f0de116be6ff951d849\jandex-2.0.3.Final.jar;C:\Users\UriasOroz\.gradle\caches\modules-2\files-2.1\dom4j\dom4j\1.6.1\5d3ccc056b6f056dbf0dddfdf43894b9065a8f94\dom4j-1.6.1.jar;C:\Users\UriasOroz\.gradle\caches\modules-2\files-2.1\net.minidev\accessors-smart\1.2\c592b500269bfde36096641b01238a8350f8aa31\accessors-smart-1.2.jar;C:\Users\UriasOroz\.gradle\caches\modules-2\files-2.1\ch.qos.logback\logback-core\1.2.3\864344400c3d4d92dfeb0a305dc87d953677c03c\logback-core-1.2.3.jar;C:\Users\UriasOroz\.gradle\caches\modules-2\files-2.1\org.apache.logging.log4j\log4j-api\2.10.0\fec5797a55b786184a537abd39c3fa1449d752d6\log4j-api-2.10.0.jar;C:\Users\UriasOroz\.gradle\caches\modules-2\files-2.1\org.ow2.asm\asm\5.0.4\da08b8cce7bbf903602a25a3a163ae252435795\asm-5.0.4.jar, user.name=UriasOroz, java.vm.specification.version=1.8, sun.java.command=worker.org.gradle.process.internal.worker.GradleWorkerMain 'Gradle Test Executor 5', java.home=C:\Program Files\Java\jdk1.8.0_181\jre, sun.arch.data.model=64, user.language=es, java.specification.vendor=Oracle Corporation, awt.toolkit=sun.awt.windows.WToolkit, java.vm.info=mixed mode, java.version=1.8.0_181, java.ext.dirs=C:\Program Files\Java\jdk1.8.0_181\jre\lib\ext;C:\Windows\Sun\Java\lib\ext, sun.boot.class.path=C:\Program Files\Java\jdk1.8.0_181\jre\lib\resources.jar;C:\Program Files\Java\jdk1.8.0_181\jre\lib\rt.jar;C:\Program Files\Java\jdk1.8.0_181\jre\lib\sunrsasign.jar;C:\Program Files\Java\jdk1.8.0_181\jre\lib\jsse.jar;C:\Program Files\Java\jdk1.8.0_181\jre\lib\jce.jar;C:\Program Files\Java\jdk1.8.0_181\jre\lib\charsets.jar;C:\Program Files\Java\jdk1.8.0_181\jre\lib\jfr.jar;C:\Program Files\Java\jdk1.8.0_181\jre\classes, java.vendor=Oracle Corporation, org.gradle.test.worker=5, file.separator=\, java.vendor.url.bug=http://bugreport.sun.com/bugreport/, sun.io.unicode.encoding=UnicodeLittle, sun.cpu.endian=little, sun.desktop=windows, sun.cpu.isalist=amd64}}, SystemEnvironmentPropertySource@531452146 {name='systemEnvironment', properties={PROCESSOR_LEVEL=6, Platform=MCD, FP_NO_HOST_CHECK=NO, SESSIONNAME=Console, ALLUSERSPROFILE=C:\ProgramData, PROCESSOR_ARCHITECTURE=AMD64, PSModulePath=C:\Windows\system32\WindowsPowerShell\v1.0\Modules\, SystemDrive=C:, =ExitCode=00000000, DIRNAME=C:\Users\UriasOroz\Documents\Pinnacle\WorkSpace\ContactList\, USERNAME=UriasOroz, CMD_LINE_ARGS=stage, ProgramFiles(x86)=C:\Program Files (x86), APP_HOME=C:\Users\UriasOroz\Documents\Pinnacle\WorkSpace\ContactList\, PATHEXT=.COM;.EXE;.BAT;.CMD;.VBS;.VBE;.JS;.JSE;.WSF;.WSH;.MSC, ProgramData=C:\ProgramData, ProgramW6432=C:\Program Files, HOMEPATH=\Users\UriasOroz, ESET_OPTIONS=                                                                                                                                                                                                                                                                                                                                                                                                                                                                                                                               , PROCESSOR_IDENTIFIER=Intel64 Family 6 Model 37 Stepping 5, GenuineIntel, ProgramFiles=C:\Program Files, PUBLIC=C:\Users\Public, windir=C:\Windows, _SKIP=2, LOCALAPPDATA=C:\Users\UriasOroz\AppData\Local, USERDOMAIN=UriasOroz-HP, LOGONSERVER=\\URIASOROZ-HP, PROMPT=$P$G, =C:=C:\Users\UriasOroz\Documents\Pinnacle\WorkSpace\ContactList, APPDATA=C:\Users\UriasOroz\AppData\Roaming, JAVA_EXE=java.exe, PCBRAND=Pavilion, CommonProgramFiles=C:\Program Files\Common Files, Path=C:\Program Files (x86)\Common Files\Oracle\Java\javapath;C:\Program Files\Common Files\Microsoft Shared\Windows Live;C:\Windows\system32;C:\Windows;C:\Windows\System32\Wbem;C:\Windows\System32\WindowsPowerShell\v1.0\;C:\Program Files\Broadcom\Broadcom 802.11\Driver;C:\Program Files\WIDCOMM\Bluetooth Software\;C:\Program Files\WIDCOMM\Bluetooth Software\syswow64;C:\Program Files\dotnet\;C:\Program Files\Microsoft SQL Server\130\Tools\Binn\;c:\Program Files (x86)\Microsoft SQL Server\100\Tools\Binn\VSShell\Common7\IDE\;c:\Program Files (x86)\Microsoft SQL Server\100\Tools\Binn\;c:\Program Files\Microsoft SQL Server\100\Tools\Binn\;c:\Program Files (x86)\Microsoft SQL Server\100\DTS\Binn\;c:\Program Files\Microsoft SQL Server\100\DTS\Binn\;C:\Program Files\nodejs\;C:\Program Files\Git\cmd;C:\Users\UriasOroz\AppData\Roaming\npm;C:\Program Files\heroku\bin, OS=Windows_NT, COMPUTERNAME=URIASOROZ-HP, OnlineServices=Online Services, PROCESSOR_REVISION=2505, CLASSPATH=C:\Users\UriasOroz\Documents\Pinnacle\WorkSpace\ContactList\\gradle\wrapper\gradle-wrapper.jar, CommonProgramW6432=C:\Program Files\Common Files, ComSpec=C:\Windows\system32\cmd.exe, APP_BASE_NAME=gradlew, SystemRoot=C:\Windows, TEMP=C:\Users\URIASO~1\AppData\Local\Temp, HOMEDRIVE=C:, USERPROFILE=C:\Users\UriasOroz, TMP=C:\Users\URIASO~1\AppData\Local\Temp, CommonProgramFiles(x86)=C:\Program Files (x86)\Common Files, NUMBER_OF_PROCESSORS=4}}]
03:14:53.376 [Test worker] DEBUG org.springframework.test.context.support.TestPropertySourceUtils - Adding inlined properties to environment: {spring.jmx.enabled=false, org.springframework.boot.test.context.SpringBootTestContextBootstrapper=true, server.port=-1}
03:14:53.377 [Test worker] DEBUG org.springframework.core.env.StandardEnvironment - Adding PropertySource 'Inlined Test Properties' with highest search precedence

  .   ____          _            __ _ _
 /\\ / ___'_ __ _ _(_)_ __  __ _ \ \ \ \
( ( )\___ | '_ | '_| | '_ \/ _` | \ \ \ \
 \\/  ___)| |_)| | | | | || (_| |  ) ) ) )
  '  |____| .__|_| |_|_| |_\__, | / / / /
 =========|_|==============|___/=/_/_/_/
 :: Spring Boot ::        (v2.0.5.RELEASE)

2018-10-01 03:14:55.448  INFO 5452 --- [    Test worker] ContactTest                              : Starting ContactTest on UriasOroz-HP with PID 5452 (started by UriasOroz in C:\Users\UriasOroz\Documents\Pinnacle\WorkSpace\ContactList\contact-list-api)
2018-10-01 03:14:55.450  INFO 5452 --- [    Test worker] ContactTest                              : No active profile set, falling back to default profiles: default
2018-10-01 03:14:55.681  INFO 5452 --- [    Test worker] o.s.w.c.s.GenericWebApplicationContext   : Refreshing org.springframework.web.context.support.GenericWebApplicationContext@39d553ed: startup date [Mon Oct 01 03:14:55 MST 2018]; root of context hierarchy
2018-10-01 03:15:01.474  INFO 5452 --- [    Test worker] trationDelegate$BeanPostProcessorChecker : Bean 'org.springframework.transaction.annotation.ProxyTransactionManagementConfiguration' of type [org.springframework.transaction.annotation.ProxyTransactionManagementConfiguration$$EnhancerBySpringCGLIB$$6d63173] is not eligible for getting processed by all BeanPostProcessors (for example: not eligible for auto-proxying)
2018-10-01 03:15:02.609  INFO 5452 --- [    Test worker] com.zaxxer.hikari.HikariDataSource       : HikariPool-1 - Starting...
2018-10-01 03:15:03.446  INFO 5452 --- [    Test worker] com.zaxxer.hikari.HikariDataSource       : HikariPool-1 - Start completed.
2018-10-01 03:15:03.682  INFO 5452 --- [    Test worker] j.LocalContainerEntityManagerFactoryBean : Building JPA container EntityManagerFactory for persistence unit 'default'
2018-10-01 03:15:03.996  INFO 5452 --- [    Test worker] o.hibernate.jpa.internal.util.LogHelper  : HHH000204: Processing PersistenceUnitInfo [
	name: default
	...]
2018-10-01 03:15:04.435  INFO 5452 --- [    Test worker] org.hibernate.Version                    : HHH000412: Hibernate Core {5.2.17.Final}
2018-10-01 03:15:04.439  INFO 5452 --- [    Test worker] org.hibernate.cfg.Environment            : HHH000206: hibernate.properties not found
2018-10-01 03:15:04.648  INFO 5452 --- [    Test worker] o.hibernate.annotations.common.Version   : HCANN000001: Hibernate Commons Annotations {5.0.1.Final}
2018-10-01 03:15:05.259  INFO 5452 --- [    Test worker] org.hibernate.dialect.Dialect            : HHH000400: Using dialect: org.hibernate.dialect.H2Dialect
Hibernate: create table tbl_contact (id integer generated by default as identity, age integer, name varchar(100) not null, nick_name varchar(50), phone varchar(10) not null, primary key (id))
2018-10-01 03:15:08.958  INFO 5452 --- [    Test worker] j.LocalContainerEntityManagerFactoryBean : Initialized JPA EntityManagerFactory for persistence unit 'default'
2018-10-01 03:15:09.214  INFO 5452 --- [    Test worker] o.s.jdbc.datasource.init.ScriptUtils     : Executing SQL script from URL [file:/C:/Users/UriasOroz/Documents/Pinnacle/WorkSpace/ContactList/contact-list-api/build/resources/main/data.sql]
2018-10-01 03:15:09.290  INFO 5452 --- [    Test worker] o.s.jdbc.datasource.init.ScriptUtils     : Executed SQL script from URL [file:/C:/Users/UriasOroz/Documents/Pinnacle/WorkSpace/ContactList/contact-list-api/build/resources/main/data.sql] in 75 ms.
2018-10-01 03:15:10.258  INFO 5452 --- [    Test worker] o.h.h.i.QueryTranslatorFactoryInitiator  : HHH000397: Using ASTQueryTranslatorFactory
2018-10-01 03:15:16.755  INFO 5452 --- [    Test worker] o.s.w.s.handler.SimpleUrlHandlerMapping  : Mapped URL path [/**/favicon.ico] onto handler of type [class org.springframework.web.servlet.resource.ResourceHttpRequestHandler]
2018-10-01 03:15:17.864  INFO 5452 --- [    Test worker] s.w.s.m.m.a.RequestMappingHandlerAdapter : Looking for @ControllerAdvice: org.springframework.web.context.support.GenericWebApplicationContext@39d553ed: startup date [Mon Oct 01 03:14:55 MST 2018]; root of context hierarchy
2018-10-01 03:15:17.979  WARN 5452 --- [    Test worker] aWebConfiguration$JpaWebMvcConfiguration : spring.jpa.open-in-view is enabled by default. Therefore, database queries may be performed during view rendering. Explicitly configure spring.jpa.open-in-view to disable this warning
2018-10-01 03:15:18.136  INFO 5452 --- [    Test worker] s.w.s.m.m.a.RequestMappingHandlerMapping : Mapped "{[/contact],methods=[PUT]}" onto public void org.contact.list.controller.ContactController.update(org.contact.list.entities.Contact)
2018-10-01 03:15:18.140  INFO 5452 --- [    Test worker] s.w.s.m.m.a.RequestMappingHandlerMapping : Mapped "{[/contact/{id}],methods=[DELETE]}" onto public void org.contact.list.controller.ContactController.update(java.lang.Integer)
2018-10-01 03:15:18.142  INFO 5452 --- [    Test worker] s.w.s.m.m.a.RequestMappingHandlerMapping : Mapped "{[/contact],methods=[POST]}" onto public void org.contact.list.controller.ContactController.save(org.contact.list.entities.Contact)
2018-10-01 03:15:18.143  INFO 5452 --- [    Test worker] s.w.s.m.m.a.RequestMappingHandlerMapping : Mapped "{[/contact],methods=[GET]}" onto public java.util.List<org.contact.list.entities.Contact> org.contact.list.controller.ContactController.findAll()
2018-10-01 03:15:18.145  INFO 5452 --- [    Test worker] s.w.s.m.m.a.RequestMappingHandlerMapping : Mapped "{[/contact/findAll],methods=[GET]}" onto public org.springframework.data.domain.Page<org.contact.list.entities.Contact> org.contact.list.controller.ContactController.findAll(org.springframework.data.domain.Pageable)
2018-10-01 03:15:18.146  INFO 5452 --- [    Test worker] s.w.s.m.m.a.RequestMappingHandlerMapping : Mapped "{[/]}" onto public java.lang.String org.contact.list.controller.IndexController.index()
2018-10-01 03:15:18.150  INFO 5452 --- [    Test worker] s.w.s.m.m.a.RequestMappingHandlerMapping : Mapped "{[/user],methods=[GET]}" onto public java.security.Principal org.contact.list.controller.UserController.user(javax.servlet.http.HttpServletRequest)
2018-10-01 03:15:18.151  INFO 5452 --- [    Test worker] s.w.s.m.m.a.RequestMappingHandlerMapping : Mapped "{[/login],methods=[POST]}" onto public boolean org.contact.list.controller.UserController.login(org.contact.list.entities.ContactUser)
2018-10-01 03:15:18.157  INFO 5452 --- [    Test worker] s.w.s.m.m.a.RequestMappingHandlerMapping : Mapped "{[/error]}" onto public org.springframework.http.ResponseEntity<java.util.Map<java.lang.String, java.lang.Object>> org.springframework.boot.autoconfigure.web.servlet.error.BasicErrorController.error(javax.servlet.http.HttpServletRequest)
2018-10-01 03:15:18.159  INFO 5452 --- [    Test worker] s.w.s.m.m.a.RequestMappingHandlerMapping : Mapped "{[/error],produces=[text/html]}" onto public org.springframework.web.servlet.ModelAndView org.springframework.boot.autoconfigure.web.servlet.error.BasicErrorController.errorHtml(javax.servlet.http.HttpServletRequest,javax.servlet.http.HttpServletResponse)
2018-10-01 03:15:18.235  INFO 5452 --- [    Test worker] o.s.w.s.handler.SimpleUrlHandlerMapping  : Mapped URL path [/webjars/**] onto handler of type [class org.springframework.web.servlet.resource.ResourceHttpRequestHandler]
2018-10-01 03:15:18.235  INFO 5452 --- [    Test worker] o.s.w.s.handler.SimpleUrlHandlerMapping  : Mapped URL path [/**] onto handler of type [class org.springframework.web.servlet.resource.ResourceHttpRequestHandler]
2018-10-01 03:15:19.642  INFO 5452 --- [    Test worker] o.s.s.web.DefaultSecurityFilterChain     : Creating filter chain: org.springframework.security.web.util.matcher.AnyRequestMatcher@1, [org.springframework.security.web.context.request.async.WebAsyncManagerIntegrationFilter@4099aede, org.springframework.security.web.context.SecurityContextPersistenceFilter@5fc9455f, org.springframework.security.web.header.HeaderWriterFilter@4054f3cf, org.springframework.security.web.authentication.logout.LogoutFilter@181b2cf5, org.springframework.security.web.authentication.www.BasicAuthenticationFilter@7c42408, org.springframework.security.web.savedrequest.RequestCacheAwareFilter@4bd37366, org.springframework.security.web.servletapi.SecurityContextHolderAwareRequestFilter@36b2c840, org.springframework.security.web.authentication.AnonymousAuthenticationFilter@2655600, org.springframework.security.web.session.SessionManagementFilter@1c091e19, org.springframework.security.web.access.ExceptionTranslationFilter@77ec4d6f, org.springframework.security.web.access.intercept.FilterSecurityInterceptor@1b8c7258]
2018-10-01 03:15:19.979  INFO 5452 --- [    Test worker] ContactTest                              : Started ContactTest in 26.502 seconds (JVM running for 45.283)
Hibernate: select count(contact0_.id)>0 as col_0_0_ from tbl_contact contact0_ where (contact0_.name like ?) and contact0_.id<>?
Hibernate: insert into tbl_contact (id, age, name, nick_name, phone) values (null, ?, ?, ?, ?)
Hibernate: select count(contact0_.id)>0 as col_0_0_ from tbl_contact contact0_ where (contact0_.name like ?) and contact0_.id<>?
Hibernate: select contact0_.id as id1_0_0_, contact0_.age as age2_0_0_, contact0_.name as name3_0_0_, contact0_.nick_name as nick_nam4_0_0_, contact0_.phone as phone5_0_0_ from tbl_contact contact0_ where contact0_.id=?
Hibernate: update tbl_contact set age=?, name=?, nick_name=?, phone=? where id=?
Hibernate: select count(contact0_.id)>0 as col_0_0_ from tbl_contact contact0_ where (contact0_.name like ?) and contact0_.id<>?
Hibernate: select contact0_.id as id1_0_, contact0_.age as age2_0_, contact0_.name as name3_0_, contact0_.nick_name as nick_nam4_0_, contact0_.phone as phone5_0_ from tbl_contact contact0_
Hibernate: select contact0_.id as id1_0_0_, contact0_.age as age2_0_0_, contact0_.name as name3_0_0_, contact0_.nick_name as nick_nam4_0_0_, contact0_.phone as phone5_0_0_ from tbl_contact contact0_ where contact0_.id=?
Hibernate: delete from tbl_contact where id=?
]]></system-out>
  <system-err><![CDATA[]]></system-err>
</testsuite>
